<?xml version="1.0" encoding="UTF-8"?>
<testng-results skipped="0" failed="0" ignored="0" total="20" passed="20">
  <reporter-output>
  </reporter-output>
  <suite name="book-flight-module" duration-ms="162374" started-at="2022-08-15T06:19:18Z" finished-at="2022-08-15T06:22:01Z">
    <groups>
    </groups>
    <test name="book-flight-test-1" duration-ms="45046" started-at="2022-08-15T06:19:18Z" finished-at="2022-08-15T06:20:03Z">
      <class name="com.newtours.test.BookFlightTest">
        <test-method status="PASS" signature="setUpDriver(org.testng.ITestContext)[pri:0, instance:com.newtours.test.BookFlightTest@35851384]" name="setUpDriver" is-config="true" duration-ms="22248" started-at="2022-08-15T06:19:18Z" finished-at="2022-08-15T06:19:41Z">
          <params>
            <param index="0">
              <value>
                <![CDATA[org.testng.TestRunner@622ef26a]]>
              </value>
            </param>
          </params>
          <reporter-output>
          </reporter-output>
        </test-method> <!-- setUpDriver -->
        <test-method status="PASS" signature="setUpParameter(java.lang.String, java.lang.String)[pri:0, instance:com.newtours.test.BookFlightTest@35851384]" name="setUpParameter" is-config="true" duration-ms="1" started-at="2022-08-15T06:19:41Z" depends-on-methods="com.tests.BaseTest.setUpDriver" finished-at="2022-08-15T06:19:41Z">
          <params>
            <param index="0">
              <value>
                <![CDATA[1]]>
              </value>
            </param>
            <param index="1">
              <value>
                <![CDATA[$584 USD]]>
              </value>
            </param>
          </params>
          <reporter-output>
          </reporter-output>
        </test-method> <!-- setUpParameter -->
        <test-method status="PASS" signature="registrationPageTest()[pri:0, instance:com.newtours.test.BookFlightTest@35851384]" name="registrationPageTest" duration-ms="12770" started-at="2022-08-15T06:19:41Z" finished-at="2022-08-15T06:19:53Z">
          <reporter-output>
          </reporter-output>
        </test-method> <!-- registrationPageTest -->
        <test-method status="PASS" signature="registrationConfirmationPageTest()[pri:0, instance:com.newtours.test.BookFlightTest@35851384]" name="registrationConfirmationPageTest" duration-ms="2062" started-at="2022-08-15T06:19:53Z" depends-on-methods="com.newtours.test.BookFlightTest.registrationPageTest" finished-at="2022-08-15T06:19:55Z">
          <reporter-output>
          </reporter-output>
        </test-method> <!-- registrationConfirmationPageTest -->
        <test-method status="PASS" signature="flightDetailsPageTest()[pri:0, instance:com.newtours.test.BookFlightTest@35851384]" name="flightDetailsPageTest" duration-ms="1634" started-at="2022-08-15T06:19:55Z" depends-on-methods="com.newtours.test.BookFlightTest.registrationConfirmationPageTest" finished-at="2022-08-15T06:19:57Z">
          <reporter-output>
          </reporter-output>
        </test-method> <!-- flightDetailsPageTest -->
        <test-method status="PASS" signature="bookFlightPageTest()[pri:0, instance:com.newtours.test.BookFlightTest@35851384]" name="bookFlightPageTest" duration-ms="1954" started-at="2022-08-15T06:19:57Z" depends-on-methods="com.newtours.test.BookFlightTest.flightDetailsPageTest" finished-at="2022-08-15T06:19:59Z">
          <reporter-output>
          </reporter-output>
        </test-method> <!-- bookFlightPageTest -->
        <test-method status="PASS" signature="flightConfirmationPage()[pri:0, instance:com.newtours.test.BookFlightTest@35851384]" name="flightConfirmationPage" duration-ms="1558" started-at="2022-08-15T06:19:59Z" depends-on-methods="com.newtours.test.BookFlightTest.bookFlightPageTest" finished-at="2022-08-15T06:20:01Z">
          <reporter-output>
          </reporter-output>
        </test-method> <!-- flightConfirmationPage -->
        <test-method status="PASS" signature="quitDriver()[pri:0, instance:com.newtours.test.BookFlightTest@35851384]" name="quitDriver" is-config="true" duration-ms="2789" started-at="2022-08-15T06:20:01Z" finished-at="2022-08-15T06:20:03Z">
          <reporter-output>
          </reporter-output>
        </test-method> <!-- quitDriver -->
      </class> <!-- com.newtours.test.BookFlightTest -->
    </test> <!-- book-flight-test-1 -->
    <test name="book-flight-test-2" duration-ms="41278" started-at="2022-08-15T06:20:04Z" finished-at="2022-08-15T06:20:45Z">
      <class name="com.newtours.test.BookFlightTest">
        <test-method status="PASS" signature="setUpDriver(org.testng.ITestContext)[pri:0, instance:com.newtours.test.BookFlightTest@56cbfb61]" name="setUpDriver" is-config="true" duration-ms="19318" started-at="2022-08-15T06:20:04Z" finished-at="2022-08-15T06:20:23Z">
          <params>
            <param index="0">
              <value>
                <![CDATA[org.testng.TestRunner@41de5768]]>
              </value>
            </param>
          </params>
          <reporter-output>
          </reporter-output>
        </test-method> <!-- setUpDriver -->
        <test-method status="PASS" signature="setUpParameter(java.lang.String, java.lang.String)[pri:0, instance:com.newtours.test.BookFlightTest@56cbfb61]" name="setUpParameter" is-config="true" duration-ms="5" started-at="2022-08-15T06:20:23Z" depends-on-methods="com.tests.BaseTest.setUpDriver" finished-at="2022-08-15T06:20:23Z">
          <params>
            <param index="0">
              <value>
                <![CDATA[2]]>
              </value>
            </param>
            <param index="1">
              <value>
                <![CDATA[$1169 USD]]>
              </value>
            </param>
          </params>
          <reporter-output>
          </reporter-output>
        </test-method> <!-- setUpParameter -->
        <test-method status="PASS" signature="registrationPageTest()[pri:0, instance:com.newtours.test.BookFlightTest@56cbfb61]" name="registrationPageTest" duration-ms="12999" started-at="2022-08-15T06:20:23Z" finished-at="2022-08-15T06:20:36Z">
          <reporter-output>
          </reporter-output>
        </test-method> <!-- registrationPageTest -->
        <test-method status="PASS" signature="registrationConfirmationPageTest()[pri:0, instance:com.newtours.test.BookFlightTest@56cbfb61]" name="registrationConfirmationPageTest" duration-ms="770" started-at="2022-08-15T06:20:36Z" depends-on-methods="com.newtours.test.BookFlightTest.registrationPageTest" finished-at="2022-08-15T06:20:37Z">
          <reporter-output>
          </reporter-output>
        </test-method> <!-- registrationConfirmationPageTest -->
        <test-method status="PASS" signature="flightDetailsPageTest()[pri:0, instance:com.newtours.test.BookFlightTest@56cbfb61]" name="flightDetailsPageTest" duration-ms="2733" started-at="2022-08-15T06:20:37Z" depends-on-methods="com.newtours.test.BookFlightTest.registrationConfirmationPageTest" finished-at="2022-08-15T06:20:39Z">
          <reporter-output>
          </reporter-output>
        </test-method> <!-- flightDetailsPageTest -->
        <test-method status="PASS" signature="bookFlightPageTest()[pri:0, instance:com.newtours.test.BookFlightTest@56cbfb61]" name="bookFlightPageTest" duration-ms="2028" started-at="2022-08-15T06:20:39Z" depends-on-methods="com.newtours.test.BookFlightTest.flightDetailsPageTest" finished-at="2022-08-15T06:20:41Z">
          <reporter-output>
          </reporter-output>
        </test-method> <!-- bookFlightPageTest -->
        <test-method status="PASS" signature="flightConfirmationPage()[pri:0, instance:com.newtours.test.BookFlightTest@56cbfb61]" name="flightConfirmationPage" duration-ms="1099" started-at="2022-08-15T06:20:41Z" depends-on-methods="com.newtours.test.BookFlightTest.bookFlightPageTest" finished-at="2022-08-15T06:20:43Z">
          <reporter-output>
          </reporter-output>
        </test-method> <!-- flightConfirmationPage -->
        <test-method status="PASS" signature="quitDriver()[pri:0, instance:com.newtours.test.BookFlightTest@56cbfb61]" name="quitDriver" is-config="true" duration-ms="2316" started-at="2022-08-15T06:20:43Z" finished-at="2022-08-15T06:20:45Z">
          <reporter-output>
          </reporter-output>
        </test-method> <!-- quitDriver -->
      </class> <!-- com.newtours.test.BookFlightTest -->
    </test> <!-- book-flight-test-2 -->
    <test name="book-flight-test-3" duration-ms="38525" started-at="2022-08-15T06:20:45Z" finished-at="2022-08-15T06:21:23Z">
      <class name="com.newtours.test.BookFlightTest">
        <test-method status="PASS" signature="setUpDriver(org.testng.ITestContext)[pri:0, instance:com.newtours.test.BookFlightTest@2752f6e2]" name="setUpDriver" is-config="true" duration-ms="17689" started-at="2022-08-15T06:20:45Z" finished-at="2022-08-15T06:21:03Z">
          <params>
            <param index="0">
              <value>
                <![CDATA[org.testng.TestRunner@5f577419]]>
              </value>
            </param>
          </params>
          <reporter-output>
          </reporter-output>
        </test-method> <!-- setUpDriver -->
        <test-method status="PASS" signature="setUpParameter(java.lang.String, java.lang.String)[pri:0, instance:com.newtours.test.BookFlightTest@2752f6e2]" name="setUpParameter" is-config="true" duration-ms="2" started-at="2022-08-15T06:21:03Z" depends-on-methods="com.tests.BaseTest.setUpDriver" finished-at="2022-08-15T06:21:03Z">
          <params>
            <param index="0">
              <value>
                <![CDATA[3]]>
              </value>
            </param>
            <param index="1">
              <value>
                <![CDATA[$1753 USD]]>
              </value>
            </param>
          </params>
          <reporter-output>
          </reporter-output>
        </test-method> <!-- setUpParameter -->
        <test-method status="PASS" signature="registrationPageTest()[pri:0, instance:com.newtours.test.BookFlightTest@2752f6e2]" name="registrationPageTest" duration-ms="11863" started-at="2022-08-15T06:21:03Z" finished-at="2022-08-15T06:21:14Z">
          <reporter-output>
          </reporter-output>
        </test-method> <!-- registrationPageTest -->
        <test-method status="PASS" signature="registrationConfirmationPageTest()[pri:0, instance:com.newtours.test.BookFlightTest@2752f6e2]" name="registrationConfirmationPageTest" duration-ms="748" started-at="2022-08-15T06:21:14Z" depends-on-methods="com.newtours.test.BookFlightTest.registrationPageTest" finished-at="2022-08-15T06:21:15Z">
          <reporter-output>
          </reporter-output>
        </test-method> <!-- registrationConfirmationPageTest -->
        <test-method status="PASS" signature="flightDetailsPageTest()[pri:0, instance:com.newtours.test.BookFlightTest@2752f6e2]" name="flightDetailsPageTest" duration-ms="2314" started-at="2022-08-15T06:21:15Z" depends-on-methods="com.newtours.test.BookFlightTest.registrationConfirmationPageTest" finished-at="2022-08-15T06:21:17Z">
          <reporter-output>
          </reporter-output>
        </test-method> <!-- flightDetailsPageTest -->
        <test-method status="PASS" signature="bookFlightPageTest()[pri:0, instance:com.newtours.test.BookFlightTest@2752f6e2]" name="bookFlightPageTest" duration-ms="2549" started-at="2022-08-15T06:21:17Z" depends-on-methods="com.newtours.test.BookFlightTest.flightDetailsPageTest" finished-at="2022-08-15T06:21:20Z">
          <reporter-output>
          </reporter-output>
        </test-method> <!-- bookFlightPageTest -->
        <test-method status="PASS" signature="flightConfirmationPage()[pri:0, instance:com.newtours.test.BookFlightTest@2752f6e2]" name="flightConfirmationPage" duration-ms="1175" started-at="2022-08-15T06:21:20Z" depends-on-methods="com.newtours.test.BookFlightTest.bookFlightPageTest" finished-at="2022-08-15T06:21:21Z">
          <reporter-output>
          </reporter-output>
        </test-method> <!-- flightConfirmationPage -->
        <test-method status="PASS" signature="quitDriver()[pri:0, instance:com.newtours.test.BookFlightTest@2752f6e2]" name="quitDriver" is-config="true" duration-ms="2179" started-at="2022-08-15T06:21:21Z" finished-at="2022-08-15T06:21:23Z">
          <reporter-output>
          </reporter-output>
        </test-method> <!-- quitDriver -->
      </class> <!-- com.newtours.test.BookFlightTest -->
    </test> <!-- book-flight-test-3 -->
    <test name="book-flight-test-4" duration-ms="37271" started-at="2022-08-15T06:21:23Z" finished-at="2022-08-15T06:22:01Z">
      <class name="com.newtours.test.BookFlightTest">
        <test-method status="PASS" signature="setUpDriver(org.testng.ITestContext)[pri:0, instance:com.newtours.test.BookFlightTest@7c30a502]" name="setUpDriver" is-config="true" duration-ms="16166" started-at="2022-08-15T06:21:23Z" finished-at="2022-08-15T06:21:40Z">
          <params>
            <param index="0">
              <value>
                <![CDATA[org.testng.TestRunner@28fa700e]]>
              </value>
            </param>
          </params>
          <reporter-output>
          </reporter-output>
        </test-method> <!-- setUpDriver -->
        <test-method status="PASS" signature="setUpParameter(java.lang.String, java.lang.String)[pri:0, instance:com.newtours.test.BookFlightTest@7c30a502]" name="setUpParameter" is-config="true" duration-ms="1" started-at="2022-08-15T06:21:40Z" depends-on-methods="com.tests.BaseTest.setUpDriver" finished-at="2022-08-15T06:21:40Z">
          <params>
            <param index="0">
              <value>
                <![CDATA[4]]>
              </value>
            </param>
            <param index="1">
              <value>
                <![CDATA[$2338 USD]]>
              </value>
            </param>
          </params>
          <reporter-output>
          </reporter-output>
        </test-method> <!-- setUpParameter -->
        <test-method status="PASS" signature="registrationPageTest()[pri:0, instance:com.newtours.test.BookFlightTest@7c30a502]" name="registrationPageTest" duration-ms="11142" started-at="2022-08-15T06:21:40Z" finished-at="2022-08-15T06:21:51Z">
          <reporter-output>
          </reporter-output>
        </test-method> <!-- registrationPageTest -->
        <test-method status="PASS" signature="registrationConfirmationPageTest()[pri:0, instance:com.newtours.test.BookFlightTest@7c30a502]" name="registrationConfirmationPageTest" duration-ms="836" started-at="2022-08-15T06:21:51Z" depends-on-methods="com.newtours.test.BookFlightTest.registrationPageTest" finished-at="2022-08-15T06:21:52Z">
          <reporter-output>
          </reporter-output>
        </test-method> <!-- registrationConfirmationPageTest -->
        <test-method status="PASS" signature="flightDetailsPageTest()[pri:0, instance:com.newtours.test.BookFlightTest@7c30a502]" name="flightDetailsPageTest" duration-ms="3507" started-at="2022-08-15T06:21:52Z" depends-on-methods="com.newtours.test.BookFlightTest.registrationConfirmationPageTest" finished-at="2022-08-15T06:21:55Z">
          <reporter-output>
          </reporter-output>
        </test-method> <!-- flightDetailsPageTest -->
        <test-method status="PASS" signature="bookFlightPageTest()[pri:0, instance:com.newtours.test.BookFlightTest@7c30a502]" name="bookFlightPageTest" duration-ms="2304" started-at="2022-08-15T06:21:55Z" depends-on-methods="com.newtours.test.BookFlightTest.flightDetailsPageTest" finished-at="2022-08-15T06:21:57Z">
          <reporter-output>
          </reporter-output>
        </test-method> <!-- bookFlightPageTest -->
        <test-method status="PASS" signature="flightConfirmationPage()[pri:0, instance:com.newtours.test.BookFlightTest@7c30a502]" name="flightConfirmationPage" duration-ms="941" started-at="2022-08-15T06:21:57Z" depends-on-methods="com.newtours.test.BookFlightTest.bookFlightPageTest" finished-at="2022-08-15T06:21:58Z">
          <reporter-output>
          </reporter-output>
        </test-method> <!-- flightConfirmationPage -->
        <test-method status="PASS" signature="quitDriver()[pri:0, instance:com.newtours.test.BookFlightTest@7c30a502]" name="quitDriver" is-config="true" duration-ms="2367" started-at="2022-08-15T06:21:58Z" finished-at="2022-08-15T06:22:01Z">
          <reporter-output>
          </reporter-output>
        </test-method> <!-- quitDriver -->
      </class> <!-- com.newtours.test.BookFlightTest -->
    </test> <!-- book-flight-test-4 -->
  </suite> <!-- book-flight-module -->
</testng-results>
