<?xml version="1.0" encoding="UTF-8"?>
<testng-results skipped="0" failed="0" ignored="0" total="6" passed="6">
  <reporter-output>
  </reporter-output>
  <suite name="search-module-module" duration-ms="392002" started-at="2022-08-14T13:04:58Z" finished-at="2022-08-14T13:11:30Z">
    <groups>
    </groups>
    <test name="search-test-java" duration-ms="62832" started-at="2022-08-14T13:04:58Z" finished-at="2022-08-14T13:06:01Z">
      <class name="com.searchmodule.test.ModuleSearchTest">
        <test-method status="PASS" signature="setUpDriver()[pri:0, instance:com.searchmodule.test.ModuleSearchTest@6e3c1e69]" name="setUpDriver" is-config="true" duration-ms="31436" started-at="2022-08-14T13:04:58Z" finished-at="2022-08-14T13:05:30Z">
          <reporter-output>
          </reporter-output>
        </test-method> <!-- setUpDriver -->
        <test-method status="PASS" signature="searchContent(java.lang.String)[pri:0, instance:com.searchmodule.test.ModuleSearchTest@6e3c1e69]" name="searchContent" duration-ms="25920" started-at="2022-08-14T13:05:30Z" finished-at="2022-08-14T13:05:56Z">
          <params>
            <param index="0">
              <value>
                <![CDATA[java]]>
              </value>
            </param>
          </params>
          <reporter-output>
          </reporter-output>
        </test-method> <!-- searchContent -->
        <test-method status="PASS" signature="quitDriver()[pri:0, instance:com.searchmodule.test.ModuleSearchTest@6e3c1e69]" name="quitDriver" is-config="true" duration-ms="5462" started-at="2022-08-14T13:05:56Z" finished-at="2022-08-14T13:06:01Z">
          <reporter-output>
          </reporter-output>
        </test-method> <!-- quitDriver -->
      </class> <!-- com.searchmodule.test.ModuleSearchTest -->
    </test> <!-- search-test-java -->
    <test name="search-test-docker" duration-ms="55154" started-at="2022-08-14T13:06:01Z" finished-at="2022-08-14T13:06:56Z">
      <class name="com.searchmodule.test.ModuleSearchTest">
        <test-method status="PASS" signature="setUpDriver()[pri:0, instance:com.searchmodule.test.ModuleSearchTest@7dc36524]" name="setUpDriver" is-config="true" duration-ms="24292" started-at="2022-08-14T13:06:01Z" finished-at="2022-08-14T13:06:26Z">
          <reporter-output>
          </reporter-output>
        </test-method> <!-- setUpDriver -->
        <test-method status="PASS" signature="searchContent(java.lang.String)[pri:0, instance:com.searchmodule.test.ModuleSearchTest@7dc36524]" name="searchContent" duration-ms="25734" started-at="2022-08-14T13:06:26Z" finished-at="2022-08-14T13:06:51Z">
          <params>
            <param index="0">
              <value>
                <![CDATA[docker]]>
              </value>
            </param>
          </params>
          <reporter-output>
          </reporter-output>
        </test-method> <!-- searchContent -->
        <test-method status="PASS" signature="quitDriver()[pri:0, instance:com.searchmodule.test.ModuleSearchTest@7dc36524]" name="quitDriver" is-config="true" duration-ms="5119" started-at="2022-08-14T13:06:51Z" finished-at="2022-08-14T13:06:56Z">
          <reporter-output>
          </reporter-output>
        </test-method> <!-- quitDriver -->
      </class> <!-- com.searchmodule.test.ModuleSearchTest -->
    </test> <!-- search-test-docker -->
    <test name="search-test-k8s" duration-ms="64844" started-at="2022-08-14T13:06:57Z" finished-at="2022-08-14T13:08:01Z">
      <class name="com.searchmodule.test.ModuleSearchTest">
        <test-method status="PASS" signature="setUpDriver()[pri:0, instance:com.searchmodule.test.ModuleSearchTest@1134affc]" name="setUpDriver" is-config="true" duration-ms="29947" started-at="2022-08-14T13:06:57Z" finished-at="2022-08-14T13:07:26Z">
          <reporter-output>
          </reporter-output>
        </test-method> <!-- setUpDriver -->
        <test-method status="PASS" signature="searchContent(java.lang.String)[pri:0, instance:com.searchmodule.test.ModuleSearchTest@1134affc]" name="searchContent" duration-ms="28265" started-at="2022-08-14T13:07:26Z" finished-at="2022-08-14T13:07:55Z">
          <params>
            <param index="0">
              <value>
                <![CDATA[kubernetes]]>
              </value>
            </param>
          </params>
          <reporter-output>
          </reporter-output>
        </test-method> <!-- searchContent -->
        <test-method status="PASS" signature="quitDriver()[pri:0, instance:com.searchmodule.test.ModuleSearchTest@1134affc]" name="quitDriver" is-config="true" duration-ms="6625" started-at="2022-08-14T13:07:55Z" finished-at="2022-08-14T13:08:01Z">
          <reporter-output>
          </reporter-output>
        </test-method> <!-- quitDriver -->
      </class> <!-- com.searchmodule.test.ModuleSearchTest -->
    </test> <!-- search-test-k8s -->
    <test name="search-test-webdriver" duration-ms="64032" started-at="2022-08-14T13:08:01Z" finished-at="2022-08-14T13:09:05Z">
      <class name="com.searchmodule.test.ModuleSearchTest">
        <test-method status="PASS" signature="setUpDriver()[pri:0, instance:com.searchmodule.test.ModuleSearchTest@6bdf28bb]" name="setUpDriver" is-config="true" duration-ms="29287" started-at="2022-08-14T13:08:01Z" finished-at="2022-08-14T13:08:31Z">
          <reporter-output>
          </reporter-output>
        </test-method> <!-- setUpDriver -->
        <test-method status="PASS" signature="searchContent(java.lang.String)[pri:0, instance:com.searchmodule.test.ModuleSearchTest@6bdf28bb]" name="searchContent" duration-ms="28272" started-at="2022-08-14T13:08:31Z" finished-at="2022-08-14T13:08:59Z">
          <params>
            <param index="0">
              <value>
                <![CDATA[WebDriver]]>
              </value>
            </param>
          </params>
          <reporter-output>
          </reporter-output>
        </test-method> <!-- searchContent -->
        <test-method status="PASS" signature="quitDriver()[pri:0, instance:com.searchmodule.test.ModuleSearchTest@6bdf28bb]" name="quitDriver" is-config="true" duration-ms="6470" started-at="2022-08-14T13:08:59Z" finished-at="2022-08-14T13:09:05Z">
          <reporter-output>
          </reporter-output>
        </test-method> <!-- quitDriver -->
      </class> <!-- com.searchmodule.test.ModuleSearchTest -->
    </test> <!-- search-test-webdriver -->
    <test name="search-test-API" duration-ms="77121" started-at="2022-08-14T13:09:05Z" finished-at="2022-08-14T13:10:23Z">
      <class name="com.searchmodule.test.ModuleSearchTest">
        <test-method status="PASS" signature="setUpDriver()[pri:0, instance:com.searchmodule.test.ModuleSearchTest@4c203ea1]" name="setUpDriver" is-config="true" duration-ms="37043" started-at="2022-08-14T13:09:05Z" finished-at="2022-08-14T13:09:43Z">
          <reporter-output>
          </reporter-output>
        </test-method> <!-- setUpDriver -->
        <test-method status="PASS" signature="searchContent(java.lang.String)[pri:0, instance:com.searchmodule.test.ModuleSearchTest@4c203ea1]" name="searchContent" duration-ms="33008" started-at="2022-08-14T13:09:43Z" finished-at="2022-08-14T13:10:16Z">
          <params>
            <param index="0">
              <value>
                <![CDATA[RestAPI]]>
              </value>
            </param>
          </params>
          <reporter-output>
          </reporter-output>
        </test-method> <!-- searchContent -->
        <test-method status="PASS" signature="quitDriver()[pri:0, instance:com.searchmodule.test.ModuleSearchTest@4c203ea1]" name="quitDriver" is-config="true" duration-ms="7059" started-at="2022-08-14T13:10:16Z" finished-at="2022-08-14T13:10:23Z">
          <reporter-output>
          </reporter-output>
        </test-method> <!-- quitDriver -->
      </class> <!-- com.searchmodule.test.ModuleSearchTest -->
    </test> <!-- search-test-API -->
    <test name="search-test-JsS" duration-ms="67726" started-at="2022-08-14T13:10:23Z" finished-at="2022-08-14T13:11:30Z">
      <class name="com.searchmodule.test.ModuleSearchTest">
        <test-method status="PASS" signature="setUpDriver()[pri:0, instance:com.searchmodule.test.ModuleSearchTest@49e4cb85]" name="setUpDriver" is-config="true" duration-ms="33758" started-at="2022-08-14T13:10:23Z" finished-at="2022-08-14T13:10:56Z">
          <reporter-output>
          </reporter-output>
        </test-method> <!-- setUpDriver -->
        <test-method status="PASS" signature="searchContent(java.lang.String)[pri:0, instance:com.searchmodule.test.ModuleSearchTest@49e4cb85]" name="searchContent" duration-ms="28608" started-at="2022-08-14T13:10:56Z" finished-at="2022-08-14T13:11:25Z">
          <params>
            <param index="0">
              <value>
                <![CDATA[JavaScript]]>
              </value>
            </param>
          </params>
          <reporter-output>
          </reporter-output>
        </test-method> <!-- searchContent -->
        <test-method status="PASS" signature="quitDriver()[pri:0, instance:com.searchmodule.test.ModuleSearchTest@49e4cb85]" name="quitDriver" is-config="true" duration-ms="5354" started-at="2022-08-14T13:11:25Z" finished-at="2022-08-14T13:11:30Z">
          <reporter-output>
          </reporter-output>
        </test-method> <!-- quitDriver -->
      </class> <!-- com.searchmodule.test.ModuleSearchTest -->
    </test> <!-- search-test-JsS -->
  </suite> <!-- search-module-module -->
</testng-results>
